Record Nn' Sn' Vn' Fn' On'  Ns  Ss  Vs  Fs' Os' Nv  Sv   Vv  Fv' Ov' No' So' Vo' Fo'  Q Se   Q +P   V Se   V +P   S Se   S +P RR err
 100  1865   0   0   0   0   0  29   0   0   0   0   0    1   0   0   0   0   0   0 100.00 100.00 100.00 100.00 100.00 100.00   0.00
 101  1513   1   0   0   0   0   2   0   0   0   0   0    0   0   0   0   0   0   0 100.00 100.00      -      -  66.67 100.00   0.00
 103  1722   2   0   0   0   0   0   0   0   0   0   0    0   0   0   0   0   0   0 100.00 100.00      -      -   0.00      -   0.00
 105  2103   0   2   0   0   0   0   0   0   0  13   0   27   0   0   0   0   0   0 100.00 100.00  93.10  67.50      -      -   0.00
 106   850   0 384   0   0   0   0   0   0   0 384   0   74   0   0   0   0   0   0 100.00 100.00  16.16  16.16      -      -   0.00
 108  1425   0   0   0   0   3   3   0   0   0  28   1   13   0   0   0   0   0   0 100.00 100.00 100.00  30.95  75.00  50.00   0.00
 109  2060   0   7   0   0   0   0   0   0   0   0   0   24   0   0   0   0   0   0 100.00 100.00  77.42 100.00      -      -   0.00
 111  1768   0   0   0   0   0   0   0   0   0   2   0    1   0   0   0   0   0   0 100.00 100.00 100.00  33.33      -      -   0.00
 112  2101   0   0   0   0   2   1   0   0   0   0   1    0   0   0   0   0   0   0 100.00 100.00      -   0.00  50.00  33.33   0.00
 113  1496   0   0   0   0   0   5   0   0   0   0   0    0   0   0   0   0   0   0 100.00 100.00      -      - 100.00 100.00   0.00
 114  1521   7  28   0   0   3   1   1   0   0  31   3    1   0   0   0   0   0   0 100.00 100.00   3.33   2.86   9.09  20.00   0.00
 115  1632   0   0   0   0   0   0   0   0   0   0   0    0   0   0   0   0   0   0 100.00 100.00      -      -      -      -   0.00
 116  1912   0   1   0   0   0   1   0   0   0   1   0   97   0   0   0   0   0   0 100.00 100.00  98.98  98.98 100.00 100.00   0.00
 117  1278   0   0   0   0   0   1   0   0   0   0   0    0   0   0   0   0   0   0 100.00 100.00      -      - 100.00 100.00   0.00
 118  1812   1   0   0   0   0  82   6   0   0   1   1    7   0   0   0   0   0   0 100.00 100.00  53.85  77.78  97.62  93.18   0.00
 119  1292   0   0   0   0   0   0   0   0   0   0   0  364   0   0   0   0   0   0 100.00 100.00 100.00 100.00      -      -   0.00
 121  1553   0   0   0   0   0   1   0   0   0   0   0    1   0   0   0   0   0   0 100.00 100.00 100.00 100.00 100.00 100.00   0.00
 122  2048   0   0   0   0   0   0   0   0   0   0   0    0   0   0   0   0   0   0 100.00 100.00      -      -      -      -   0.00
 123  1261   0   0   0   0   0   0   0   0   0   0   0    3   0   0   0   0   0   0 100.00 100.00 100.00 100.00      -      -   0.00
 124  1284   3   3   0   0   7  14   0   0   0   2   0   44   0   0   0   0   0   0 100.00 100.00  93.62  95.65  82.35  66.67   0.00
 200  1424   8   4   0   0   7  19   2   0   0   1   1  694   0   0   0   0   0   0 100.00 100.00  99.14  99.71  67.86  67.86   0.00
 201  1162   4   0   0   0  29 119   0   0   0   0   2  198   0   0   0   0   0   0 100.00 100.00 100.00  99.00  95.20  80.41   0.00
 202  1742  40  14   0   0  36  14   1   0   0  18   1    0   0   0   0   0   0   0 100.00 100.00   0.00   0.00  25.45  27.45   0.00
 203  2007   0  10   0   0   1   0   1   0   0  89   0  362   0   0   0   0   0   0 100.00 100.00  97.05  80.27      -   0.00   0.00
 205  2117   0   1   0   0   1   2   0   0   0   0   0   64   0   0   0   0   0   0 100.00 100.00  98.46 100.00 100.00  66.67   0.00
 207  1356   0   0   0   0   1  99   0   0   0  19   2  109   0   0   0   0   0   0 100.00 100.00 100.00  83.85  98.02  99.00   0.00
 208  1252   1   4   0   0   2   1   0   0   0   2   0  794   0   0   0   0   0   0 100.00 100.00  99.50  99.75  50.00  33.33   0.00
 209  2128  11   0   0   0  12 361   0   0   0   0   0    1   0   0   0   0   0   0 100.00 100.00 100.00 100.00  97.04  96.78   0.00
 210  1985   2   8   0   0  11   7   0   0   0   7  11  155   0   0   0   0   0   0 100.00 100.00  95.09  89.60  35.00  38.89   0.00
 212  2279   0   0   0   0   0   0   0   0   0   0   0    0   0   0   0   0   0   0 100.00 100.00      -      -      -      -   0.00
 213  2117   4   1   0   0   0  20   0   0   0   4   0  184   0   0   0   0   0   0 100.00 100.00  99.46  97.87  83.33 100.00   0.00
 214  1659   0   1   0   0   0   0   0   0   0   0   0  210   0   0   0   0   0   0 100.00 100.00  99.53 100.00      -      -   0.00
 215  2652   0   1   0   0   0   2   1   0   0   2   0  129   0   0   0   0   0   0 100.00 100.00  98.47  98.47 100.00  66.67   0.00
 219  1699   4   1   0   0   3   2   0   0   0   8   1   49   0   0   0   0   0   0 100.00 100.00  98.00  84.48  28.57  40.00   0.00
 220  1593   9   0   0   0   2  84   0   0   0   0   0    0   0   0   0   0   0   0 100.00 100.00      -      -  90.32  97.67   0.00
 221  1681   0   0   0   0  17   0   0   0   0   0   0  316   0   0   0   0   0   0 100.00 100.00 100.00 100.00      -   0.00   0.00
 222  1814   5   0   0   0  75 203   0   0   0  12   1    0   0   0   0   0   0   0 100.00 100.00      -   0.00  97.13  73.02   0.00
 223  1648   2  12   0   0   9  58   3   0   0   2   6  440   0   0   0   0   0   0 100.00 100.00  96.70  98.21  87.88  82.86   0.00
 228  1391   3   3   0   0   0   0   1   0   0   3   0  297   0   0   0   0   0   0 100.00 100.00  98.67  99.00   0.00   0.00   0.00
 230  1852   0   0   0   0   0   0   0   0   0   0   0    1   0   0   0   0   0   0 100.00 100.00 100.00 100.00      -      -   0.00
 231  1273   0   0   0   0   0   0   0   0   0   0   0    0   0   0   0   0   0   0 100.00 100.00      -      -      -      -   0.00
 232   109 187   0   0   0 208 976   0   0   0   0   1    0   0   0   0   0   0   0 100.00 100.00      -   0.00  83.85  82.43   0.00
 233  1849   1   1   0   0   0   1   0   0   0   0   2  689   0   0   0   0   0   0 100.00 100.00  99.86  99.71  25.00 100.00   0.00
 234  2232  18   0   0   0   0  32   0   0   0   0   0    3   0   0   0   0   0   0 100.00 100.00 100.00 100.00  64.00 100.00   0.00
____________________________________________________________________________________________________________________________________
Sum  73517 313 486   0   0 429 2140  16   0   0 629  34 5352   0   0   0   0   0   0
Gross                                                                               100.00 100.00  91.42  88.98  86.05  82.79
Average                                                                             100.00 100.00  88.01  75.80  70.31  68.27   0.00
Total QRS complexes: 82916  Total VEBs: 5854  Total SVEBs: 2487

Summary of results from 44 records
