Beat-by-beat comparison results for record 100
Reference annotator: atr
     Test annotator: pred

               Algorithm
        n    s    v    f    q    o    x
   ____________________________________
 N | 1865    0    0    0    0    0    0
 S |    0   29    0    0    0    0    0
 V |    0    0    1    0    0    0    0
 F |    0    0    0    0    0    0    0
 Q |    0    0    0    0    0    0    0
 O |    0    0    0    0    0
 X |    0    0    0    0    0

           QRS sensitivity: 100.00% (1895/1895)
 QRS positive predictivity: 100.00% (1895/1895)
           VEB sensitivity: 100.00% (1/1)
 VEB positive predictivity: 100.00% (1/1)
          SVEB sensitivity: 100.00% (29/29)
SVEB positive predictivity: 100.00% (29/29)
     RMS RR interval error:   0.00 ms
Beat-by-beat comparison results for record 101
Reference annotator: atr
     Test annotator: pred

               Algorithm
        n    s    v    f    q    o    x
   ____________________________________
 N | 1513    0    0    0    0    0    0
 S |    1    2    0    0    0    0    0
 V |    0    0    0    0    0    0    0
 F |    0    0    0    0    0    0    0
 Q |    0    0    0    0    0    0    0
 O |    0    0    0    0    0
 X |    0    0    0    0    0

           QRS sensitivity: 100.00% (1516/1516)
 QRS positive predictivity: 100.00% (1516/1516)
           VEB sensitivity:      -  (0/0)
 VEB positive predictivity:      -  (0/0)
          SVEB sensitivity:  66.67% (2/3)
SVEB positive predictivity: 100.00% (2/2)
     RMS RR interval error:   0.00 ms
Beat-by-beat comparison results for record 103
Reference annotator: atr
     Test annotator: pred

               Algorithm
        n    s    v    f    q    o    x
   ____________________________________
 N | 1722    0    0    0    0    0    0
 S |    2    0    0    0    0    0    0
 V |    0    0    0    0    0    0    0
 F |    0    0    0    0    0    0    0
 Q |    0    0    0    0    0    0    0
 O |    0    0    0    0    0
 X |    0    0    0    0    0

           QRS sensitivity: 100.00% (1724/1724)
 QRS positive predictivity: 100.00% (1724/1724)
           VEB sensitivity:      -  (0/0)
 VEB positive predictivity:      -  (0/0)
          SVEB sensitivity:   0.00% (0/2)
SVEB positive predictivity:      -  (0/0)
     RMS RR interval error:   0.00 ms
Beat-by-beat comparison results for record 105
Reference annotator: atr
     Test annotator: pred

               Algorithm
        n    s    v    f    q    o    x
   ____________________________________
 N | 2103    0   13    0    0    0    0
 S |    0    0    0    0    0    0    0
 V |    2    0   27    0    0    0    0
 F |    0    0    0    0    0    0    0
 Q |    0    0    0    0    0    0    0
 O |    0    0    0    0    0
 X |    0    0    0    0    0

           QRS sensitivity: 100.00% (2145/2145)
 QRS positive predictivity: 100.00% (2145/2145)
           VEB sensitivity:  93.10% (27/29)
 VEB positive predictivity:  67.50% (27/40)
          SVEB sensitivity:      -  (0/0)
SVEB positive predictivity:      -  (0/0)
     RMS RR interval error:   0.00 ms
Beat-by-beat comparison results for record 106
Reference annotator: atr
     Test annotator: pred

               Algorithm
        n    s    v    f    q    o    x
   ____________________________________
 N |  850    0  384    0    0    0    0
 S |    0    0    0    0    0    0    0
 V |  384    0   74    0    0    0    0
 F |    0    0    0    0    0    0    0
 Q |    0    0    0    0    0    0    0
 O |    0    0    0    0    0
 X |    0    0    0    0    0

           QRS sensitivity: 100.00% (1692/1692)
 QRS positive predictivity: 100.00% (1692/1692)
           VEB sensitivity:  16.16% (74/458)
 VEB positive predictivity:  16.16% (74/458)
          SVEB sensitivity:      -  (0/0)
SVEB positive predictivity:      -  (0/0)
     RMS RR interval error:   0.00 ms
Beat-by-beat comparison results for record 108
Reference annotator: atr
     Test annotator: pred

               Algorithm
        n    s    v    f    q    o    x
   ____________________________________
 N | 1425    3   28    0    0    0    0
 S |    0    3    1    0    0    0    0
 V |    0    0   13    0    0    0    0
 F |    0    0    0    0    0    0    0
 Q |    0    0    0    0    0    0    0
 O |    0    0    0    0    0
 X |    0    0    0    0    0

           QRS sensitivity: 100.00% (1473/1473)
 QRS positive predictivity: 100.00% (1473/1473)
           VEB sensitivity: 100.00% (13/13)
 VEB positive predictivity:  30.95% (13/42)
          SVEB sensitivity:  75.00% (3/4)
SVEB positive predictivity:  50.00% (3/6)
     RMS RR interval error:   0.00 ms
Beat-by-beat comparison results for record 109
Reference annotator: atr
     Test annotator: pred

               Algorithm
        n    s    v    f    q    o    x
   ____________________________________
 N | 2060    0    0    0    0    0    0
 S |    0    0    0    0    0    0    0
 V |    7    0   24    0    0    0    0
 F |    0    0    0    0    0    0    0
 Q |    0    0    0    0    0    0    0
 O |    0    0    0    0    0
 X |    0    0    0    0    0

           QRS sensitivity: 100.00% (2091/2091)
 QRS positive predictivity: 100.00% (2091/2091)
           VEB sensitivity:  77.42% (24/31)
 VEB positive predictivity: 100.00% (24/24)
          SVEB sensitivity:      -  (0/0)
SVEB positive predictivity:      -  (0/0)
     RMS RR interval error:   0.00 ms
Beat-by-beat comparison results for record 111
Reference annotator: atr
     Test annotator: pred

               Algorithm
        n    s    v    f    q    o    x
   ____________________________________
 N | 1768    0    2    0    0    0    0
 S |    0    0    0    0    0    0    0
 V |    0    0    1    0    0    0    0
 F |    0    0    0    0    0    0    0
 Q |    0    0    0    0    0    0    0
 O |    0    0    0    0    0
 X |    0    0    0    0    0

           QRS sensitivity: 100.00% (1771/1771)
 QRS positive predictivity: 100.00% (1771/1771)
           VEB sensitivity: 100.00% (1/1)
 VEB positive predictivity:  33.33% (1/3)
          SVEB sensitivity:      -  (0/0)
SVEB positive predictivity:      -  (0/0)
     RMS RR interval error:   0.00 ms
Beat-by-beat comparison results for record 112
Reference annotator: atr
     Test annotator: pred

               Algorithm
        n    s    v    f    q    o    x
   ____________________________________
 N | 2101    2    0    0    0    0    0
 S |    0    1    1    0    0    0    0
 V |    0    0    0    0    0    0    0
 F |    0    0    0    0    0    0    0
 Q |    0    0    0    0    0    0    0
 O |    0    0    0    0    0
 X |    0    0    0    0    0

           QRS sensitivity: 100.00% (2105/2105)
 QRS positive predictivity: 100.00% (2105/2105)
           VEB sensitivity:      -  (0/0)
 VEB positive predictivity:   0.00% (0/1)
          SVEB sensitivity:  50.00% (1/2)
SVEB positive predictivity:  33.33% (1/3)
     RMS RR interval error:   0.00 ms
Beat-by-beat comparison results for record 113
Reference annotator: atr
     Test annotator: pred

               Algorithm
        n    s    v    f    q    o    x
   ____________________________________
 N | 1496    0    0    0    0    0    0
 S |    0    5    0    0    0    0    0
 V |    0    0    0    0    0    0    0
 F |    0    0    0    0    0    0    0
 Q |    0    0    0    0    0    0    0
 O |    0    0    0    0    0
 X |    0    0    0    0    0

           QRS sensitivity: 100.00% (1501/1501)
 QRS positive predictivity: 100.00% (1501/1501)
           VEB sensitivity:      -  (0/0)
 VEB positive predictivity:      -  (0/0)
          SVEB sensitivity: 100.00% (5/5)
SVEB positive predictivity: 100.00% (5/5)
     RMS RR interval error:   0.00 ms
Beat-by-beat comparison results for record 114
Reference annotator: atr
     Test annotator: pred

               Algorithm
        n    s    v    f    q    o    x
   ____________________________________
 N | 1521    3   31    0    0    0    0
 S |    7    1    3    0    0    0    0
 V |   28    1    1    0    0    0    0
 F |    0    0    0    0    0    0    0
 Q |    0    0    0    0    0    0    0
 O |    0    0    0    0    0
 X |    0    0    0    0    0

           QRS sensitivity: 100.00% (1596/1596)
 QRS positive predictivity: 100.00% (1596/1596)
           VEB sensitivity:   3.33% (1/30)
 VEB positive predictivity:   2.86% (1/35)
          SVEB sensitivity:   9.09% (1/11)
SVEB positive predictivity:  20.00% (1/5)
     RMS RR interval error:   0.00 ms
Beat-by-beat comparison results for record 115
Reference annotator: atr
     Test annotator: pred

               Algorithm
        n    s    v    f    q    o    x
   ____________________________________
 N | 1632    0    0    0    0    0    0
 S |    0    0    0    0    0    0    0
 V |    0    0    0    0    0    0    0
 F |    0    0    0    0    0    0    0
 Q |    0    0    0    0    0    0    0
 O |    0    0    0    0    0
 X |    0    0    0    0    0

           QRS sensitivity: 100.00% (1632/1632)
 QRS positive predictivity: 100.00% (1632/1632)
           VEB sensitivity:      -  (0/0)
 VEB positive predictivity:      -  (0/0)
          SVEB sensitivity:      -  (0/0)
SVEB positive predictivity:      -  (0/0)
     RMS RR interval error:   0.00 ms
Beat-by-beat comparison results for record 116
Reference annotator: atr
     Test annotator: pred

               Algorithm
        n    s    v    f    q    o    x
   ____________________________________
 N | 1912    0    1    0    0    0    0
 S |    0    1    0    0    0    0    0
 V |    1    0   97    0    0    0    0
 F |    0    0    0    0    0    0    0
 Q |    0    0    0    0    0    0    0
 O |    0    0    0    0    0
 X |    0    0    0    0    0

           QRS sensitivity: 100.00% (2012/2012)
 QRS positive predictivity: 100.00% (2012/2012)
           VEB sensitivity:  98.98% (97/98)
 VEB positive predictivity:  98.98% (97/98)
          SVEB sensitivity: 100.00% (1/1)
SVEB positive predictivity: 100.00% (1/1)
     RMS RR interval error:   0.00 ms
Beat-by-beat comparison results for record 117
Reference annotator: atr
     Test annotator: pred

               Algorithm
        n    s    v    f    q    o    x
   ____________________________________
 N | 1278    0    0    0    0    0    0
 S |    0    1    0    0    0    0    0
 V |    0    0    0    0    0    0    0
 F |    0    0    0    0    0    0    0
 Q |    0    0    0    0    0    0    0
 O |    0    0    0    0    0
 X |    0    0    0    0    0

           QRS sensitivity: 100.00% (1279/1279)
 QRS positive predictivity: 100.00% (1279/1279)
           VEB sensitivity:      -  (0/0)
 VEB positive predictivity:      -  (0/0)
          SVEB sensitivity: 100.00% (1/1)
SVEB positive predictivity: 100.00% (1/1)
     RMS RR interval error:   0.00 ms
Beat-by-beat comparison results for record 118
Reference annotator: atr
     Test annotator: pred

               Algorithm
        n    s    v    f    q    o    x
   ____________________________________
 N | 1812    0    1    0    0    0    0
 S |    1   82    1    0    0    0    0
 V |    0    6    7    0    0    0    0
 F |    0    0    0    0    0    0    0
 Q |    0    0    0    0    0    0    0
 O |    0    0    0    0    0
 X |    0    0    0    0    0

           QRS sensitivity: 100.00% (1910/1910)
 QRS positive predictivity: 100.00% (1910/1910)
           VEB sensitivity:  53.85% (7/13)
 VEB positive predictivity:  77.78% (7/9)
          SVEB sensitivity:  97.62% (82/84)
SVEB positive predictivity:  93.18% (82/88)
     RMS RR interval error:   0.00 ms
Beat-by-beat comparison results for record 119
Reference annotator: atr
     Test annotator: pred

               Algorithm
        n    s    v    f    q    o    x
   ____________________________________
 N | 1292    0    0    0    0    0    0
 S |    0    0    0    0    0    0    0
 V |    0    0  364    0    0    0    0
 F |    0    0    0    0    0    0    0
 Q |    0    0    0    0    0    0    0
 O |    0    0    0    0    0
 X |    0    0    0    0    0

           QRS sensitivity: 100.00% (1656/1656)
 QRS positive predictivity: 100.00% (1656/1656)
           VEB sensitivity: 100.00% (364/364)
 VEB positive predictivity: 100.00% (364/364)
          SVEB sensitivity:      -  (0/0)
SVEB positive predictivity:      -  (0/0)
     RMS RR interval error:   0.00 ms
Beat-by-beat comparison results for record 121
Reference annotator: atr
     Test annotator: pred

               Algorithm
        n    s    v    f    q    o    x
   ____________________________________
 N | 1553    0    0    0    0    0    0
 S |    0    1    0    0    0    0    0
 V |    0    0    1    0    0    0    0
 F |    0    0    0    0    0    0    0
 Q |    0    0    0    0    0    0    0
 O |    0    0    0    0    0
 X |    0    0    0    0    0

           QRS sensitivity: 100.00% (1555/1555)
 QRS positive predictivity: 100.00% (1555/1555)
           VEB sensitivity: 100.00% (1/1)
 VEB positive predictivity: 100.00% (1/1)
          SVEB sensitivity: 100.00% (1/1)
SVEB positive predictivity: 100.00% (1/1)
     RMS RR interval error:   0.00 ms
Beat-by-beat comparison results for record 122
Reference annotator: atr
     Test annotator: pred

               Algorithm
        n    s    v    f    q    o    x
   ____________________________________
 N | 2048    0    0    0    0    0    0
 S |    0    0    0    0    0    0    0
 V |    0    0    0    0    0    0    0
 F |    0    0    0    0    0    0    0
 Q |    0    0    0    0    0    0    0
 O |    0    0    0    0    0
 X |    0    0    0    0    0

           QRS sensitivity: 100.00% (2048/2048)
 QRS positive predictivity: 100.00% (2048/2048)
           VEB sensitivity:      -  (0/0)
 VEB positive predictivity:      -  (0/0)
          SVEB sensitivity:      -  (0/0)
SVEB positive predictivity:      -  (0/0)
     RMS RR interval error:   0.00 ms
Beat-by-beat comparison results for record 123
Reference annotator: atr
     Test annotator: pred

               Algorithm
        n    s    v    f    q    o    x
   ____________________________________
 N | 1261    0    0    0    0    0    0
 S |    0    0    0    0    0    0    0
 V |    0    0    3    0    0    0    0
 F |    0    0    0    0    0    0    0
 Q |    0    0    0    0    0    0    0
 O |    0    0    0    0    0
 X |    0    0    0    0    0

           QRS sensitivity: 100.00% (1264/1264)
 QRS positive predictivity: 100.00% (1264/1264)
           VEB sensitivity: 100.00% (3/3)
 VEB positive predictivity: 100.00% (3/3)
          SVEB sensitivity:      -  (0/0)
SVEB positive predictivity:      -  (0/0)
     RMS RR interval error:   0.00 ms
Beat-by-beat comparison results for record 124
Reference annotator: atr
     Test annotator: pred

               Algorithm
        n    s    v    f    q    o    x
   ____________________________________
 N | 1284    7    2    0    0    0    0
 S |    3   14    0    0    0    0    0
 V |    3    0   44    0    0    0    0
 F |    0    0    0    0    0    0    0
 Q |    0    0    0    0    0    0    0
 O |    0    0    0    0    0
 X |    0    0    0    0    0

           QRS sensitivity: 100.00% (1357/1357)
 QRS positive predictivity: 100.00% (1357/1357)
           VEB sensitivity:  93.62% (44/47)
 VEB positive predictivity:  95.65% (44/46)
          SVEB sensitivity:  82.35% (14/17)
SVEB positive predictivity:  66.67% (14/21)
     RMS RR interval error:   0.00 ms
Beat-by-beat comparison results for record 200
Reference annotator: atr
     Test annotator: pred

               Algorithm
        n    s    v    f    q    o    x
   ____________________________________
 N | 1424    7    1    0    0    0    0
 S |    8   19    1    0    0    0    0
 V |    4    2  694    0    0    0    0
 F |    0    0    0    0    0    0    0
 Q |    0    0    0    0    0    0    0
 O |    0    0    0    0    0
 X |    0    0    0    0    0

           QRS sensitivity: 100.00% (2160/2160)
 QRS positive predictivity: 100.00% (2160/2160)
           VEB sensitivity:  99.14% (694/700)
 VEB positive predictivity:  99.71% (694/696)
          SVEB sensitivity:  67.86% (19/28)
SVEB positive predictivity:  67.86% (19/28)
     RMS RR interval error:   0.00 ms
Beat-by-beat comparison results for record 201
Reference annotator: atr
     Test annotator: pred

               Algorithm
        n    s    v    f    q    o    x
   ____________________________________
 N | 1162   29    0    0    0    0    0
 S |    4  119    2    0    0    0    0
 V |    0    0  198    0    0    0    0
 F |    0    0    0    0    0    0    0
 Q |    0    0    0    0    0    0    0
 O |    0    0    0    0    0
 X |    0    0    0    0    0

           QRS sensitivity: 100.00% (1514/1514)
 QRS positive predictivity: 100.00% (1514/1514)
           VEB sensitivity: 100.00% (198/198)
 VEB positive predictivity:  99.00% (198/200)
          SVEB sensitivity:  95.20% (119/125)
SVEB positive predictivity:  80.41% (119/148)
     RMS RR interval error:   0.00 ms
Beat-by-beat comparison results for record 202
Reference annotator: atr
     Test annotator: pred

               Algorithm
        n    s    v    f    q    o    x
   ____________________________________
 N | 1742   36   18    0    0    0    0
 S |   40   14    1    0    0    0    0
 V |   14    1    0    0    0    0    0
 F |    0    0    0    0    0    0    0
 Q |    0    0    0    0    0    0    0
 O |    0    0    0    0    0
 X |    0    0    0    0    0

           QRS sensitivity: 100.00% (1866/1866)
 QRS positive predictivity: 100.00% (1866/1866)
           VEB sensitivity:   0.00% (0/15)
 VEB positive predictivity:   0.00% (0/19)
          SVEB sensitivity:  25.45% (14/55)
SVEB positive predictivity:  27.45% (14/51)
     RMS RR interval error:   0.00 ms
Beat-by-beat comparison results for record 203
Reference annotator: atr
     Test annotator: pred

               Algorithm
        n    s    v    f    q    o    x
   ____________________________________
 N | 2007    1   89    0    0    0    0
 S |    0    0    0    0    0    0    0
 V |   10    1  362    0    0    0    0
 F |    0    0    0    0    0    0    0
 Q |    0    0    0    0    0    0    0
 O |    0    0    0    0    0
 X |    0    0    0    0    0

           QRS sensitivity: 100.00% (2470/2470)
 QRS positive predictivity: 100.00% (2470/2470)
           VEB sensitivity:  97.05% (362/373)
 VEB positive predictivity:  80.27% (362/451)
          SVEB sensitivity:      -  (0/0)
SVEB positive predictivity:   0.00% (0/2)
     RMS RR interval error:   0.00 ms
Beat-by-beat comparison results for record 205
Reference annotator: atr
     Test annotator: pred

               Algorithm
        n    s    v    f    q    o    x
   ____________________________________
 N | 2117    1    0    0    0    0    0
 S |    0    2    0    0    0    0    0
 V |    1    0   64    0    0    0    0
 F |    0    0    0    0    0    0    0
 Q |    0    0    0    0    0    0    0
 O |    0    0    0    0    0
 X |    0    0    0    0    0

           QRS sensitivity: 100.00% (2185/2185)
 QRS positive predictivity: 100.00% (2185/2185)
           VEB sensitivity:  98.46% (64/65)
 VEB positive predictivity: 100.00% (64/64)
          SVEB sensitivity: 100.00% (2/2)
SVEB positive predictivity:  66.67% (2/3)
     RMS RR interval error:   0.00 ms
Beat-by-beat comparison results for record 207
Reference annotator: atr
     Test annotator: pred

               Algorithm
        n    s    v    f    q    o    x
   ____________________________________
 N | 1356    1   19    0    0    0    0
 S |    0   99    2    0    0    0    0
 V |    0    0  109    0    0    0    0
 F |    0    0    0    0    0    0    0
 Q |    0    0    0    0    0    0    0
 O |    0    0    0    0    0
 X |    0    0    0    0    0

           QRS sensitivity: 100.00% (1586/1586)
 QRS positive predictivity: 100.00% (1586/1586)
           VEB sensitivity: 100.00% (109/109)
 VEB positive predictivity:  83.85% (109/130)
          SVEB sensitivity:  98.02% (99/101)
SVEB positive predictivity:  99.00% (99/100)
     RMS RR interval error:   0.00 ms
Beat-by-beat comparison results for record 208
Reference annotator: atr
     Test annotator: pred

               Algorithm
        n    s    v    f    q    o    x
   ____________________________________
 N | 1252    2    2    0    0    0    0
 S |    1    1    0    0    0    0    0
 V |    4    0  794    0    0    0    0
 F |    0    0    0    0    0    0    0
 Q |    0    0    0    0    0    0    0
 O |    0    0    0    0    0
 X |    0    0    0    0    0

           QRS sensitivity: 100.00% (2056/2056)
 QRS positive predictivity: 100.00% (2056/2056)
           VEB sensitivity:  99.50% (794/798)
 VEB positive predictivity:  99.75% (794/796)
          SVEB sensitivity:  50.00% (1/2)
SVEB positive predictivity:  33.33% (1/3)
     RMS RR interval error:   0.00 ms
Beat-by-beat comparison results for record 209
Reference annotator: atr
     Test annotator: pred

               Algorithm
        n    s    v    f    q    o    x
   ____________________________________
 N | 2128   12    0    0    0    0    0
 S |   11  361    0    0    0    0    0
 V |    0    0    1    0    0    0    0
 F |    0    0    0    0    0    0    0
 Q |    0    0    0    0    0    0    0
 O |    0    0    0    0    0
 X |    0    0    0    0    0

           QRS sensitivity: 100.00% (2513/2513)
 QRS positive predictivity: 100.00% (2513/2513)
           VEB sensitivity: 100.00% (1/1)
 VEB positive predictivity: 100.00% (1/1)
          SVEB sensitivity:  97.04% (361/372)
SVEB positive predictivity:  96.78% (361/373)
     RMS RR interval error:   0.00 ms
Beat-by-beat comparison results for record 210
Reference annotator: atr
     Test annotator: pred

               Algorithm
        n    s    v    f    q    o    x
   ____________________________________
 N | 1985   11    7    0    0    0    0
 S |    2    7   11    0    0    0    0
 V |    8    0  155    0    0    0    0
 F |    0    0    0    0    0    0    0
 Q |    0    0    0    0    0    0    0
 O |    0    0    0    0    0
 X |    0    0    0    0    0

           QRS sensitivity: 100.00% (2186/2186)
 QRS positive predictivity: 100.00% (2186/2186)
           VEB sensitivity:  95.09% (155/163)
 VEB positive predictivity:  89.60% (155/173)
          SVEB sensitivity:  35.00% (7/20)
SVEB positive predictivity:  38.89% (7/18)
     RMS RR interval error:   0.00 ms
Beat-by-beat comparison results for record 212
Reference annotator: atr
     Test annotator: pred

               Algorithm
        n    s    v    f    q    o    x
   ____________________________________
 N | 2279    0    0    0    0    0    0
 S |    0    0    0    0    0    0    0
 V |    0    0    0    0    0    0    0
 F |    0    0    0    0    0    0    0
 Q |    0    0    0    0    0    0    0
 O |    0    0    0    0    0
 X |    0    0    0    0    0

           QRS sensitivity: 100.00% (2279/2279)
 QRS positive predictivity: 100.00% (2279/2279)
           VEB sensitivity:      -  (0/0)
 VEB positive predictivity:      -  (0/0)
          SVEB sensitivity:      -  (0/0)
SVEB positive predictivity:      -  (0/0)
     RMS RR interval error:   0.00 ms
Beat-by-beat comparison results for record 213
Reference annotator: atr
     Test annotator: pred

               Algorithm
        n    s    v    f    q    o    x
   ____________________________________
 N | 2117    0    4    0    0    0    0
 S |    4   20    0    0    0    0    0
 V |    1    0  184    0    0    0    0
 F |    0    0    0    0    0    0    0
 Q |    0    0    0    0    0    0    0
 O |    0    0    0    0    0
 X |    0    0    0    0    0

           QRS sensitivity: 100.00% (2330/2330)
 QRS positive predictivity: 100.00% (2330/2330)
           VEB sensitivity:  99.46% (184/185)
 VEB positive predictivity:  97.87% (184/188)
          SVEB sensitivity:  83.33% (20/24)
SVEB positive predictivity: 100.00% (20/20)
     RMS RR interval error:   0.00 ms
Beat-by-beat comparison results for record 214
Reference annotator: atr
     Test annotator: pred

               Algorithm
        n    s    v    f    q    o    x
   ____________________________________
 N | 1659    0    0    0    0    0    0
 S |    0    0    0    0    0    0    0
 V |    1    0  210    0    0    0    0
 F |    0    0    0    0    0    0    0
 Q |    0    0    0    0    0    0    0
 O |    0    0    0    0    0
 X |    0    0    0    0    0

           QRS sensitivity: 100.00% (1870/1870)
 QRS positive predictivity: 100.00% (1870/1870)
           VEB sensitivity:  99.53% (210/211)
 VEB positive predictivity: 100.00% (210/210)
          SVEB sensitivity:      -  (0/0)
SVEB positive predictivity:      -  (0/0)
     RMS RR interval error:   0.00 ms
Beat-by-beat comparison results for record 215
Reference annotator: atr
     Test annotator: pred

               Algorithm
        n    s    v    f    q    o    x
   ____________________________________
 N | 2652    0    2    0    0    0    0
 S |    0    2    0    0    0    0    0
 V |    1    1  129    0    0    0    0
 F |    0    0    0    0    0    0    0
 Q |    0    0    0    0    0    0    0
 O |    0    0    0    0    0
 X |    0    0    0    0    0

           QRS sensitivity: 100.00% (2787/2787)
 QRS positive predictivity: 100.00% (2787/2787)
           VEB sensitivity:  98.47% (129/131)
 VEB positive predictivity:  98.47% (129/131)
          SVEB sensitivity: 100.00% (2/2)
SVEB positive predictivity:  66.67% (2/3)
     RMS RR interval error:   0.00 ms
Beat-by-beat comparison results for record 219
Reference annotator: atr
     Test annotator: pred

               Algorithm
        n    s    v    f    q    o    x
   ____________________________________
 N | 1699    3    8    0    0    0    0
 S |    4    2    1    0    0    0    0
 V |    1    0   49    0    0    0    0
 F |    0    0    0    0    0    0    0
 Q |    0    0    0    0    0    0    0
 O |    0    0    0    0    0
 X |    0    0    0    0    0

           QRS sensitivity: 100.00% (1767/1767)
 QRS positive predictivity: 100.00% (1767/1767)
           VEB sensitivity:  98.00% (49/50)
 VEB positive predictivity:  84.48% (49/58)
          SVEB sensitivity:  28.57% (2/7)
SVEB positive predictivity:  40.00% (2/5)
     RMS RR interval error:   0.00 ms
Beat-by-beat comparison results for record 220
Reference annotator: atr
     Test annotator: pred

               Algorithm
        n    s    v    f    q    o    x
   ____________________________________
 N | 1593    2    0    0    0    0    0
 S |    9   84    0    0    0    0    0
 V |    0    0    0    0    0    0    0
 F |    0    0    0    0    0    0    0
 Q |    0    0    0    0    0    0    0
 O |    0    0    0    0    0
 X |    0    0    0    0    0

           QRS sensitivity: 100.00% (1688/1688)
 QRS positive predictivity: 100.00% (1688/1688)
           VEB sensitivity:      -  (0/0)
 VEB positive predictivity:      -  (0/0)
          SVEB sensitivity:  90.32% (84/93)
SVEB positive predictivity:  97.67% (84/86)
     RMS RR interval error:   0.00 ms
Beat-by-beat comparison results for record 221
Reference annotator: atr
     Test annotator: pred

               Algorithm
        n    s    v    f    q    o    x
   ____________________________________
 N | 1681   17    0    0    0    0    0
 S |    0    0    0    0    0    0    0
 V |    0    0  316    0    0    0    0
 F |    0    0    0    0    0    0    0
 Q |    0    0    0    0    0    0    0
 O |    0    0    0    0    0
 X |    0    0    0    0    0

           QRS sensitivity: 100.00% (2014/2014)
 QRS positive predictivity: 100.00% (2014/2014)
           VEB sensitivity: 100.00% (316/316)
 VEB positive predictivity: 100.00% (316/316)
          SVEB sensitivity:      -  (0/0)
SVEB positive predictivity:   0.00% (0/17)
     RMS RR interval error:   0.00 ms
Beat-by-beat comparison results for record 222
Reference annotator: atr
     Test annotator: pred

               Algorithm
        n    s    v    f    q    o    x
   ____________________________________
 N | 1814   75   12    0    0    0    0
 S |    5  203    1    0    0    0    0
 V |    0    0    0    0    0    0    0
 F |    0    0    0    0    0    0    0
 Q |    0    0    0    0    0    0    0
 O |    0    0    0    0    0
 X |    0    0    0    0    0

           QRS sensitivity: 100.00% (2110/2110)
 QRS positive predictivity: 100.00% (2110/2110)
           VEB sensitivity:      -  (0/0)
 VEB positive predictivity:   0.00% (0/13)
          SVEB sensitivity:  97.13% (203/209)
SVEB positive predictivity:  73.02% (203/278)
     RMS RR interval error:   0.00 ms
Beat-by-beat comparison results for record 223
Reference annotator: atr
     Test annotator: pred

               Algorithm
        n    s    v    f    q    o    x
   ____________________________________
 N | 1648    9    2    0    0    0    0
 S |    2   58    6    0    0    0    0
 V |   12    3  440    0    0    0    0
 F |    0    0    0    0    0    0    0
 Q |    0    0    0    0    0    0    0
 O |    0    0    0    0    0
 X |    0    0    0    0    0

           QRS sensitivity: 100.00% (2180/2180)
 QRS positive predictivity: 100.00% (2180/2180)
           VEB sensitivity:  96.70% (440/455)
 VEB positive predictivity:  98.21% (440/448)
          SVEB sensitivity:  87.88% (58/66)
SVEB positive predictivity:  82.86% (58/70)
     RMS RR interval error:   0.00 ms
Beat-by-beat comparison results for record 228
Reference annotator: atr
     Test annotator: pred

               Algorithm
        n    s    v    f    q    o    x
   ____________________________________
 N | 1391    0    3    0    0    0    0
 S |    3    0    0    0    0    0    0
 V |    3    1  297    0    0    0    0
 F |    0    0    0    0    0    0    0
 Q |    0    0    0    0    0    0    0
 O |    0    0    0    0    0
 X |    0    0    0    0    0

           QRS sensitivity: 100.00% (1698/1698)
 QRS positive predictivity: 100.00% (1698/1698)
           VEB sensitivity:  98.67% (297/301)
 VEB positive predictivity:  99.00% (297/300)
          SVEB sensitivity:   0.00% (0/3)
SVEB positive predictivity:   0.00% (0/1)
     RMS RR interval error:   0.00 ms
Beat-by-beat comparison results for record 230
Reference annotator: atr
     Test annotator: pred

               Algorithm
        n    s    v    f    q    o    x
   ____________________________________
 N | 1852    0    0    0    0    0    0
 S |    0    0    0    0    0    0    0
 V |    0    0    1    0    0    0    0
 F |    0    0    0    0    0    0    0
 Q |    0    0    0    0    0    0    0
 O |    0    0    0    0    0
 X |    0    0    0    0    0

           QRS sensitivity: 100.00% (1853/1853)
 QRS positive predictivity: 100.00% (1853/1853)
           VEB sensitivity: 100.00% (1/1)
 VEB positive predictivity: 100.00% (1/1)
          SVEB sensitivity:      -  (0/0)
SVEB positive predictivity:      -  (0/0)
     RMS RR interval error:   0.00 ms
Beat-by-beat comparison results for record 231
Reference annotator: atr
     Test annotator: pred

               Algorithm
        n    s    v    f    q    o    x
   ____________________________________
 N | 1273    0    0    0    0    0    0
 S |    0    0    0    0    0    0    0
 V |    0    0    0    0    0    0    0
 F |    0    0    0    0    0    0    0
 Q |    0    0    0    0    0    0    0
 O |    0    0    0    0    0
 X |    0    0    0    0    0

           QRS sensitivity: 100.00% (1273/1273)
 QRS positive predictivity: 100.00% (1273/1273)
           VEB sensitivity:      -  (0/0)
 VEB positive predictivity:      -  (0/0)
          SVEB sensitivity:      -  (0/0)
SVEB positive predictivity:      -  (0/0)
     RMS RR interval error:   0.00 ms
Beat-by-beat comparison results for record 232
Reference annotator: atr
     Test annotator: pred

               Algorithm
        n    s    v    f    q    o    x
   ____________________________________
 N |  109  208    0    0    0    0    0
 S |  187  976    1    0    0    0    0
 V |    0    0    0    0    0    0    0
 F |    0    0    0    0    0    0    0
 Q |    0    0    0    0    0    0    0
 O |    0    0    0    0    0
 X |    0    0    0    0    0

           QRS sensitivity: 100.00% (1481/1481)
 QRS positive predictivity: 100.00% (1481/1481)
           VEB sensitivity:      -  (0/0)
 VEB positive predictivity:   0.00% (0/1)
          SVEB sensitivity:  83.85% (976/1164)
SVEB positive predictivity:  82.43% (976/1184)
     RMS RR interval error:   0.00 ms
Beat-by-beat comparison results for record 233
Reference annotator: atr
     Test annotator: pred

               Algorithm
        n    s    v    f    q    o    x
   ____________________________________
 N | 1849    0    0    0    0    0    0
 S |    1    1    2    0    0    0    0
 V |    1    0  689    0    0    0    0
 F |    0    0    0    0    0    0    0
 Q |    0    0    0    0    0    0    0
 O |    0    0    0    0    0
 X |    0    0    0    0    0

           QRS sensitivity: 100.00% (2543/2543)
 QRS positive predictivity: 100.00% (2543/2543)
           VEB sensitivity:  99.86% (689/690)
 VEB positive predictivity:  99.71% (689/691)
          SVEB sensitivity:  25.00% (1/4)
SVEB positive predictivity: 100.00% (1/1)
     RMS RR interval error:   0.00 ms
Beat-by-beat comparison results for record 234
Reference annotator: atr
     Test annotator: pred

               Algorithm
        n    s    v    f    q    o    x
   ____________________________________
 N | 2232    0    0    0    0    0    0
 S |   18   32    0    0    0    0    0
 V |    0    0    3    0    0    0    0
 F |    0    0    0    0    0    0    0
 Q |    0    0    0    0    0    0    0
 O |    0    0    0    0    0
 X |    0    0    0    0    0

           QRS sensitivity: 100.00% (2285/2285)
 QRS positive predictivity: 100.00% (2285/2285)
           VEB sensitivity: 100.00% (3/3)
 VEB positive predictivity: 100.00% (3/3)
          SVEB sensitivity:  64.00% (32/50)
SVEB positive predictivity: 100.00% (32/32)
     RMS RR interval error:   0.00 ms
